0 info it worked if it ends with ok
1 verbose cli [ 'D:\\NodeJs\\node.exe',
1 verbose cli   'D:\\NodeJs\\node_modules\\npm\\bin\\npm-cli.js',
1 verbose cli   'run',
1 verbose cli   'dev' ]
2 info using npm@3.10.10
3 info using node@v6.10.3
4 verbose run-script [ 'predev', 'dev', 'postdev' ]
5 info lifecycle maizuo@1.0.0~predev: maizuo@1.0.0
6 silly lifecycle maizuo@1.0.0~predev: no script for predev, continuing
7 info lifecycle maizuo@1.0.0~dev: maizuo@1.0.0
8 verbose lifecycle maizuo@1.0.0~dev: unsafe-perm in lifecycle true
9 verbose lifecycle maizuo@1.0.0~dev: PATH: D:\NodeJs\node_modules\npm\bin\node-gyp-bin;D:\ReactProject\day3\maizuo\node_modules\.bin;C:\ProgramData\Oracle\Java\javapath;C:\windows\system32;C:\windows;C:\windows\System32\Wbem;C:\windows\System32\WindowsPowerShell\v1.0\;C:\Program Files\TortoiseSVN\bin;C:\Program Files\VisualSVN Server\bin;D:\NodeJs\;C:\Program Files (x86)\Git\cmd;C:\Program Files\MongoDB\Server\3.4\bin;C:\Program Files\Java\jdk1.8.0_31\bin;C:\Program Files\Java\jdk1.8.0_31\jre\bin;D:\SDK\adt\sdk\tools;D:\SDK\adt\sdk\platform-tools;C:\Users\Administrator\AppData\Roaming\npm;D:\Microsoft VS Code\bin
10 verbose lifecycle maizuo@1.0.0~dev: CWD: D:\ReactProject\day3\maizuo
11 silly lifecycle maizuo@1.0.0~dev: Args: [ '/d /s /c', 'webpack-dev-server --port 8000' ]
12 verbose stack Error: kill ENOSYS
12 verbose stack     at exports._errnoException (util.js:1018:11)
12 verbose stack     at process.kill (internal/process.js:190:13)
12 verbose stack     at process.listener (D:\NodeJs\node_modules\npm\node_modules\npmlog\node_modules\gauge\node_modules\signal-exit\index.js:86:15)
12 verbose stack     at emitNone (events.js:91:20)
12 verbose stack     at process.emit (events.js:185:7)
12 verbose stack     at processEmit (D:\NodeJs\node_modules\npm\node_modules\npmlog\node_modules\gauge\node_modules\signal-exit\index.js:146:32)
12 verbose stack     at processEmit (D:\NodeJs\node_modules\npm\node_modules\npm-registry-client\node_modules\npmlog\node_modules\gauge\node_modules\signal-exit\index.js:146:32)
12 verbose stack     at Signal.wrap.onsignal (internal/process.js:217:44)
13 verbose cwd D:\ReactProject\day3\maizuo
14 error Windows_NT 6.1.7601
15 error argv "D:\\NodeJs\\node.exe" "D:\\NodeJs\\node_modules\\npm\\bin\\npm-cli.js" "run" "dev"
16 error node v6.10.3
17 error npm  v3.10.10
18 error code ENOSYS
19 error errno ENOSYS
20 error syscall kill
21 error kill ENOSYS
22 error If you need help, you may report this error at:
22 error     <https://github.com/npm/npm/issues>
23 verbose exit [ 1, true ]
